#! /usr/local/iverilog/bin/vvp
:ivl_version "11.0 (devel)" "(s20150603-642-g3bdb50da)";
:ivl_delay_selection "TYPICAL";
:vpi_time_precision + 0;
:vpi_module "system";
:vpi_module "vhdl_sys";
:vpi_module "vhdl_textio";
:vpi_module "v2005_math";
:vpi_module "va_math";
S_00000000003bede0 .scope module, "clk_tb" "clk_tb" 2 19;
 .timescale 0 0;
v0000000000815270_0 .var "clk", 0 0;
v00000000003bb680_0 .net "out_clk", 0 0, v0000000000815130_0;  1 drivers
v00000000003bb720_0 .var "rst", 0 0;
S_0000000000814f00 .scope module, "dut1" "clk_divide_by_2" 2 25, 2 2 0, S_00000000003bede0;
 .timescale 0 0;
    .port_info 0 /INPUT 1 "rst";
    .port_info 1 /INPUT 1 "clk";
    .port_info 2 /OUTPUT 1 "out_clk";
v0000000000815090_0 .net "clk", 0 0, v0000000000815270_0;  1 drivers
v0000000000815130_0 .var "out_clk", 0 0;
v00000000008151d0_0 .net "rst", 0 0, v00000000003bb720_0;  1 drivers
E_00000000003bc800 .event posedge, v0000000000815090_0;
    .scope S_0000000000814f00;
T_0 ;
    %wait E_00000000003bc800;
    %load/vec4 v00000000008151d0_0;
    %flag_set/vec4 8;
    %jmp/0xz  T_0.0, 8;
    %pushi/vec4 0, 0, 1;
    %assign/vec4 v0000000000815130_0, 0;
    %jmp T_0.1;
T_0.0 ;
    %load/vec4 v0000000000815130_0;
    %inv;
    %assign/vec4 v0000000000815130_0, 0;
T_0.1 ;
    %jmp T_0;
    .thread T_0;
    .scope S_00000000003bede0;
T_1 ;
    %delay 5, 0;
    %load/vec4 v0000000000815270_0;
    %inv;
    %store/vec4 v0000000000815270_0, 0, 1;
    %jmp T_1;
    .thread T_1;
    .scope S_00000000003bede0;
T_2 ;
    %pushi/vec4 0, 0, 1;
    %store/vec4 v0000000000815270_0, 0, 1;
    %end;
    .thread T_2;
    .scope S_00000000003bede0;
T_3 ;
    %pushi/vec4 0, 0, 1;
    %store/vec4 v00000000003bb720_0, 0, 1;
    %delay 10, 0;
    %pushi/vec4 1, 0, 1;
    %store/vec4 v00000000003bb720_0, 0, 1;
    %delay 40, 0;
    %pushi/vec4 0, 0, 1;
    %store/vec4 v00000000003bb720_0, 0, 1;
    %delay 100, 0;
    %vpi_call 2 37 "$finish" {0 0 0};
    %end;
    .thread T_3;
    .scope S_00000000003bede0;
T_4 ;
    %vpi_call 2 42 "$monitor", "[@%0d], rst=%b, clk=%b, out_clk=%b", $time, v00000000003bb720_0, v0000000000815270_0, v00000000003bb680_0 {0 0 0};
    %vpi_call 2 43 "$dumpfile", "clk2.vcd" {0 0 0};
    %vpi_call 2 44 "$dumpvars", 32'sb00000000000000000000000000000000, S_00000000003bede0 {0 0 0};
    %end;
    .thread T_4;
# The file index is used to find the file name in the following table.
:file_names 3;
    "N/A";
    "<interactive>";
    "clk_by_2.v";
